
[7m Application loaded using the "development" environment configuration
[0m
{ [Error: Cannot find module '../build/Release/bson'] code: 'MODULE_NOT_FOUND' }
js-bson: Failed to load c++ bson extension, using pure JS version
{ [Error: Cannot find module '../build/Release/bson'] code: 'MODULE_NOT_FOUND' }
js-bson: Failed to load c++ bson extension, using pure JS version
MEAN.JS application started on port 3000
[0mGET / [36m304[0m 242.737 ms - -[0m
[0mGET /lib/bootstrap/dist/css/bootstrap.min.css [36m304[0m 6.187 ms - -[0m
[0mGET /lib/bootstrap/dist/css/bootstrap-theme.min.css [36m304[0m 13.847 ms - -[0m
[0mGET /lib/es5-shim/es5-sham.min.js [32m200[0m 17.143 ms - -[0m
[0mGET /modules/core/css/core.css [32m200[0m 30.602 ms - -[0m
[0mGET /modules/users/css/users.css [32m200[0m 38.747 ms - 214[0m
[0mGET /lib/angular-bootstrap-datetimepicker/src/css/datetimepicker.css [32m200[0m 33.550 ms - -[0m
[0mGET /lib/es5-shim/es5-shim.min.js [32m200[0m 26.026 ms - -[0m
[0mGET /lib/circular-json/build/circular-json.js [32m200[0m 42.700 ms - -[0m
[0mGET /lib/bootstrapaccessibilityplugin/plugins/css/bootstrap-accessibility.css [36m304[0m 4.435 ms - -[0m
[0mGET /lib/modernizer/modernizr.js [32m200[0m 5.851 ms - -[0m
[0mGET /lib/angular-sanitize/angular-sanitize.min.js [32m200[0m 16.977 ms - -[0m
[0mGET /lib/angular-route/angular-route.min.js [32m200[0m 22.091 ms - -[0m
[0mGET /lib/angular/angular.min.js [32m200[0m 17.478 ms - -[0m
[0mGET /lib/angular-base64/angular-base64.min.js [32m200[0m 27.849 ms - -[0m
[0mGET /lib/angular-moment/angular-moment.min.js [32m200[0m 13.394 ms - -[0m
[0mGET /lib/jquery/dist/jquery.min.js [32m200[0m 11.686 ms - -[0m
[0mGET /lib/jquery-color/jquery.color.js [32m200[0m 23.873 ms - -[0m
[0mGET /lib/jquery-migrate/jquery-migrate.min.js [32m200[0m 34.035 ms - -[0m
[0mGET /lib/moment/moment.js [36m304[0m 5.658 ms - -[0m
[0mGET /lib/angular-resource/angular-resource.min.js [32m200[0m 25.419 ms - -[0m
[0mGET /lib/angular-cookies/angular-cookies.min.js [32m200[0m 20.030 ms - -[0m
[0mGET /lib/angular-animate/angular-animate.min.js [32m200[0m 6.469 ms - -[0m
[0mGET /lib/angular-touch/angular-touch.min.js [32m200[0m 18.531 ms - -[0m
[0mGET /lib/angular-ui-router/release/angular-ui-router.min.js [32m200[0m 15.891 ms - -[0m
[0mGET /lib/tinymce/tinymce.js [36m304[0m 5.111 ms - -[0m
[0mGET /lib/bootstrap/dist/js/bootstrap.min.js [32m200[0m 40.714 ms - -[0m
[0mGET /lib/moment-timezone/builds/moment-timezone-with-data.min.js [36m304[0m 11.368 ms - -[0m
[0mGET /lib/angular-bootstrap/ui-bootstrap-tpls.min.js [32m200[0m 26.951 ms - -[0m
[0mGET /lib/angular-encode-uri/dist/angular-encode-uri.min.js [32m200[0m 23.198 ms - 107[0m
[0mGET /lib/angular-bootstrap-datetimepicker/src/js/datetimepicker.js [32m200[0m 10.285 ms - -[0m
[0mGET /lib/angular-ui-utils/ui-utils.min.js [32m200[0m 84.461 ms - -[0m
[0mGET /lib/ngAudio/app/angular.audio.js [32m200[0m 56.497 ms - -[0m
[0mGET /lib/textAngular/dist/textAngularSetup.js [32m200[0m 33.912 ms - -[0m
[0mGET /lib/textAngular/dist/textAngular-sanitize.min.js [32m200[0m 6.393 ms - -[0m
[0mGET /lib/textAngular/dist/textAngular-rangy.min.js [32m200[0m 24.119 ms - -[0m
[0mGET /lib/angular-socket-io/socket.min.js [32m200[0m 6.529 ms - -[0m
[0mGET /application.js [32m200[0m 11.291 ms - 731[0m
[0mGET /lib/angular-ui-tinymce/src/tinymce.js [32m200[0m 36.476 ms - -[0m
[0mGET /lib/textAngular/dist/textAngular.min.js [32m200[0m 22.926 ms - -[0m
[0mGET /modules/core/core.client.module.js [32m200[0m 8.471 ms - 127[0m
[0mGET /modules/clients/clients.client.module.js [32m200[0m 14.382 ms - 131[0m
[0mGET /lib/socket.io-client/socket.io.js [32m200[0m 28.820 ms - -[0m
[0mGET /modules/core/timezone.client.module.js [32m200[0m 12.945 ms - 177[0m
[0mGET /modules/projects/projects.client.module.js [32m200[0m 22.033 ms - 131[0m
[0mGET /modules/logs/logs.client.module.js [32m200[0m 22.225 ms - 127[0m
[0mGET /modules/reports/reports.client.module.js [32m200[0m 12.200 ms - 130[0m
[0mGET /modules/talents/talents.client.module.js [32m200[0m 14.213 ms - 130[0m
[0mGET /modules/tools/tools.client.module.js [32m200[0m 12.571 ms - 128[0m
[0mGET /modules/typecasts/typecasts.client.module.js [32m200[0m 3.485 ms - 132[0m
[0mGET /modules/clients/config/clients.client.config.js [32m200[0m 4.576 ms - 620[0m
[0mGET /modules/users/users.client.module.js [32m200[0m 15.174 ms - 129[0m
[0mGET /modules/clients/config/clients.client.routes.js [32m200[0m 10.230 ms - 834[0m
[0mGET /modules/clients/controllers/clients.client.controller.js [32m200[0m 9.696 ms - -[0m
[0mGET /modules/core/controllers/header.client.controller.js [32m200[0m 16.567 ms - 812[0m
[0mGET /modules/core/config/core.client.routes.js [32m200[0m 23.839 ms - 489[0m
[0mGET /modules/core/controllers/home.client.controller.js [32m200[0m 14.702 ms - 525[0m
[0mGET /modules/core/filters/core.multiTerm.client.filter.js [32m200[0m 2.839 ms - 406[0m
[0mGET /modules/core/filters/core.multiTermFull.client.filter.js [32m200[0m 11.029 ms - 411[0m
[0mGET /modules/core/filters/core.startFrom.client.filter.js [32m200[0m 3.212 ms - 236[0m
[0mGET /modules/logs/config/logs.client.config.js [32m200[0m 3.779 ms - 338[0m
[0mGET /modules/core/services/socket.js [32m200[0m 14.289 ms - 338[0m
[0mGET /modules/logs/services/logs.client.service.js [32m200[0m 20.024 ms - 251[0m
[0mGET /modules/logs/config/logs.client.routes.js [32m200[0m 19.435 ms - 619[0m
[0mGET /modules/projects/config/projects.client.config.js [32m200[0m 8.836 ms - 733[0m
[0mGET /modules/reports/config/reports.client.config.js [32m200[0m 5.245 ms - 987[0m
[0mGET /modules/projects/services/projects.client.service.js [32m200[0m 22.815 ms - 279[0m
[0mGET /modules/reports/services/reports.client.service.js [32m200[0m 6.057 ms - 272[0m
[0mGET /modules/projects/controllers/projects.client.controller.js [32m200[0m 39.050 ms - -[0m
[0mGET /modules/talents/config/talents.client.config.js [32m200[0m 28.567 ms - 804[0m
[0mGET /modules/talents/config/talents.client.routes.js [32m200[0m 24.376 ms - 679[0m
[0mGET /modules/tools/services/tools.client.service.js [32m200[0m 13.088 ms - 259[0m
[0mGET /modules/typecasts/config/typecasts.client.config.js [32m200[0m 3.458 ms - 535[0m
[0mGET /modules/tools/config/tools.client.config.js [32m200[0m 26.183 ms - 995[0m
[0mGET /modules/talents/services/talents.client.service.js [32m200[0m 29.720 ms - 272[0m
[0mGET /modules/typecasts/config/typecasts.client.routes.js [32m200[0m 3.156 ms - 719[0m
[0mGET /modules/typecasts/services/typecasts.client.service.js [32m200[0m 3.268 ms - 286[0m
[0mGET /modules/users/config/users.client.config.js [32m200[0m 6.657 ms - -[0m
[0mGET /modules/users/services/authentication.client.service.js [32m200[0m 3.524 ms - 221[0m
[0mGET /modules/users/services/users.client.service.js [32m200[0m 3.586 ms - 270[0m
[0mGET /modules/users/config/users.client.routes.js [32m200[0m 17.612 ms - -[0m
[0mGET /modules/users/services/usersedit.client.service.js [32m200[0m 3.513 ms - 286[0m
[0mGET /modules/users/services/usersfind.client.service.js [32m200[0m 3.274 ms - 284[0m
[0mGET /lib/ng-file-upload/angular-file-upload-shim.min.js [36m304[0m 3.847 ms - -[0m
[0mGET /lib/ng-file-upload/angular-file-upload.js [36m304[0m 1.956 ms - -[0m
[0mGET /config.js [36m304[0m 3.711 ms - -[0m
[0mGET /modules/core/services/menus.client.service.js [36m304[0m 4.240 ms - -[0m
[0mGET /modules/logs/controllers/logs.client.controller.js [36m304[0m 3.432 ms - -[0m
[0mGET /modules/projects/config/projects.client.routes.js [36m304[0m 3.850 ms - -[0m
[0mGET /modules/reports/controllers/reports.client.controller.js [36m304[0m 7.473 ms - -[0m
[0mGET /modules/reports/config/reports.client.routes.js [36m304[0m 8.349 ms - -[0m
[0mGET /modules/talents/controllers/talents.client.controller.js [36m304[0m 7.147 ms - -[0m
[0mGET /modules/talents/filters/talents.phone.client.filter.js [36m304[0m 7.129 ms - -[0m
[0mGET /modules/talents/controllers/talents-modal.client.controller.js [36m304[0m 8.416 ms - -[0m
[0mGET /modules/tools/config/tools.client.routes.js [36m304[0m 2.406 ms - -[0m
[0mGET /modules/tools/controllers/tools.client.controller.js [36m304[0m 5.109 ms - -[0m
[0mGET /modules/users/controllers/authentication.client.controller.js [36m304[0m 4.262 ms - -[0m
[0mGET /modules/typecasts/controllers/typecasts.client.controller.js [36m304[0m 5.261 ms - -[0m
[0mGET /modules/users/controllers/password.client.controller.js [36m304[0m 5.234 ms - -[0m
[0mGET /modules/users/controllers/settings.client.controller.js [36m304[0m 1.992 ms - -[0m
[0mGET /modules/users/controllers/users-list.client.controller.js [36m304[0m 1.906 ms - -[0m
[0mGET /modules/users/controllers/users-modal.client.controller.js [36m304[0m 3.981 ms - -[0m
[0mGET /modules/users/controllers/users.client.controller.js [36m304[0m 4.907 ms - -[0m
[0mGET /modules/clients/controllers/book.modal.controller.js [36m304[0m 3.271 ms - -[0m
[0mGET /modules/core/img/brand/favicon.ico [0m-[0m - ms - -[0m
[0mGET /modules/core/views/header.client.view.html [32m200[0m 8.712 ms - -[0m
[0mGET /modules/core/views/home.client.view.html [32m200[0m 33.288 ms - -[0m
[0mGET /img/studiocenter-button.png [32m200[0m 36.349 ms - 1103[0m
[0mGET /img/new-project-button.png [32m200[0m 41.173 ms - 1177[0m
[0mGET /img/main-src-bg.jpg [32m200[0m 44.076 ms - 236949[0m
[0mGET /img/Auditions-Logo.png [32m200[0m 63.895 ms - 13765[0m
[0mGET /img/small-sc-logo-white.png [32m200[0m 5.618 ms - 2489[0m
[0mGET /modules/users/views/authentication/signin.client.view.html [32m200[0m 13.424 ms - -[0m
[0mGET /modules/users/img/buttons/facebook.png [32m200[0m 7.086 ms - 1024[0m
[0mGET /modules/users/img/buttons/google.png [32m200[0m 6.477 ms - 3713[0m
[0mGET /modules/users/img/buttons/twitter.png [32m200[0m 7.274 ms - 2181[0m
[0mGET /modules/users/img/buttons/linkedin.png [32m200[0m 7.065 ms - 1506[0m
[0mGET /img/login-bg.jpg [32m200[0m 4.527 ms - 190349[0m
events.js:141
      throw er; // Unhandled 'error' event
      ^

Error: failed to connect to [localhost:27017]
    at null.<anonymous> (/var/www/html/node_modules/mongoose/node_modules/mongodb/lib/mongodb/connection/server.js:556:25)
    at emitThree (events.js:97:13)
    at emit (events.js:175:7)
    at null.<anonymous> (/var/www/html/node_modules/mongoose/node_modules/mongodb/lib/mongodb/connection/connection_pool.js:156:15)
    at emitTwo (events.js:87:13)
    at emit (events.js:172:7)
    at Socket.<anonymous> (/var/www/html/node_modules/mongoose/node_modules/mongodb/lib/mongodb/connection/connection.js:534:10)
    at emitOne (events.js:77:13)
    at Socket.emit (events.js:169:7)
    at emitErrorNT (net.js:1272:8)
    at nextTickCallbackWith2Args (node.js:511:9)
    at process._tickCallback (node.js:425:17)

[7m Application loaded using the "development" environment configuration
[0m
{ [Error: Cannot find module '../build/Release/bson'] code: 'MODULE_NOT_FOUND' }
js-bson: Failed to load c++ bson extension, using pure JS version
{ [Error: Cannot find module '../build/Release/bson'] code: 'MODULE_NOT_FOUND' }
js-bson: Failed to load c++ bson extension, using pure JS version
MEAN.JS application started on port 3000
[0mGET / [36m304[0m 56.604 ms - -[0m
[0mGET /lib/es5-shim/es5-sham.min.js [36m304[0m 5.471 ms - -[0m
[0mGET /lib/bootstrapaccessibilityplugin/plugins/css/bootstrap-accessibility.css [36m304[0m 10.658 ms - -[0m
[0mGET /lib/moment/moment.js [36m304[0m 10.655 ms - -[0m
[0mGET /lib/circular-json/build/circular-json.js [36m304[0m 10.613 ms - -[0m
[0mGET /lib/bootstrap/dist/css/bootstrap.min.css [36m304[0m 10.976 ms - -[0m
[0mGET /lib/bootstrap/dist/css/bootstrap-theme.min.css [36m304[0m 10.703 ms - -[0m
[0mGET /lib/angular-bootstrap-datetimepicker/src/css/datetimepicker.css [36m304[0m 7.770 ms - -[0m
[0mGET /modules/core/css/core.css [36m304[0m 6.111 ms - -[0m
[0mGET /lib/es5-shim/es5-shim.min.js [36m304[0m 5.587 ms - -[0m
[0mGET /modules/users/css/users.css [36m304[0m 6.860 ms - -[0m
[0mGET /lib/ng-file-upload/angular-file-upload.js [36m304[0m 6.404 ms - -[0m
[0mGET /lib/ng-file-upload/angular-file-upload-shim.min.js [36m304[0m 8.668 ms - -[0m
[0mGET /lib/modernizer/modernizr.js [36m304[0m 5.663 ms - -[0m
[0mGET /lib/tinymce/tinymce.js [36m304[0m 2.508 ms - -[0m
[0mGET /lib/moment-timezone/builds/moment-timezone-with-data.min.js [36m304[0m 4.518 ms - -[0m
[0mGET /lib/angular/angular.min.js [36m304[0m 9.289 ms - -[0m
[0mGET /lib/angular-base64/angular-base64.min.js [36m304[0m 7.675 ms - -[0m
[0mGET /lib/angular-sanitize/angular-sanitize.min.js [32m200[0m 7.998 ms - -[0m
[0mGET /lib/angular-moment/angular-moment.min.js [32m200[0m 14.233 ms - -[0m
[0mGET /lib/angular-route/angular-route.min.js [36m304[0m 9.700 ms - -[0m
[0mGET /lib/jquery-color/jquery.color.js [36m304[0m 4.237 ms - -[0m
[0mGET /lib/jquery-migrate/jquery-migrate.min.js [36m304[0m 4.239 ms - -[0m
[0mGET /lib/jquery/dist/jquery.min.js [32m200[0m 6.144 ms - -[0m
[0mGET /lib/angular-resource/angular-resource.min.js [36m304[0m 1.704 ms - -[0m
[0mGET /lib/angular-cookies/angular-cookies.min.js [36m304[0m 1.625 ms - -[0m
[0mGET /lib/angular-animate/angular-animate.min.js [36m304[0m 1.600 ms - -[0m
[0mGET /lib/angular-touch/angular-touch.min.js [36m304[0m 2.477 ms - -[0m
[0mGET /lib/angular-ui-router/release/angular-ui-router.min.js [36m304[0m 2.372 ms - -[0m
[0mGET /lib/bootstrap/dist/js/bootstrap.min.js [36m304[0m 3.940 ms - -[0m
[0mGET /lib/angular-encode-uri/dist/angular-encode-uri.min.js [36m304[0m 3.668 ms - -[0m
[0mGET /lib/angular-ui-utils/ui-utils.min.js [36m304[0m 7.291 ms - -[0m
[0mGET /lib/textAngular/dist/textAngularSetup.js [36m304[0m 4.681 ms - -[0m
[0mGET /lib/angular-bootstrap/ui-bootstrap-tpls.min.js [36m304[0m 3.851 ms - -[0m
[0mGET /lib/textAngular/dist/textAngular-rangy.min.js [36m304[0m 2.018 ms - -[0m
[0mGET /lib/ngAudio/app/angular.audio.js [36m304[0m 1.874 ms - -[0m
[0mGET /lib/angular-bootstrap-datetimepicker/src/js/datetimepicker.js [36m304[0m 4.320 ms - -[0m
[0mGET /lib/textAngular/dist/textAngular-sanitize.min.js [36m304[0m 8.096 ms - -[0m
[0mGET /config.js [36m304[0m 4.481 ms - -[0m
[0mGET /modules/core/timezone.client.module.js [36m304[0m 4.641 ms - -[0m
[0mGET /lib/angular-ui-tinymce/src/tinymce.js [32m200[0m 9.906 ms - -[0m
[0mGET /modules/reports/reports.client.module.js [36m304[0m 3.471 ms - -[0m
[0mGET /modules/clients/controllers/book.modal.controller.js [36m304[0m 5.228 ms - -[0m
[0mGET /lib/textAngular/dist/textAngular.min.js [32m200[0m 9.278 ms - -[0m
[0mGET /modules/projects/projects.client.module.js [36m304[0m 10.423 ms - -[0m
[0mGET /application.js [32m200[0m 3.239 ms - 731[0m
[0mGET /lib/angular-socket-io/socket.min.js [32m200[0m 3.518 ms - -[0m
[0mGET /modules/clients/clients.client.module.js [36m304[0m 1.782 ms - -[0m
[0mGET /modules/core/core.client.module.js [36m304[0m 3.890 ms - -[0m
[0mGET /modules/logs/logs.client.module.js [36m304[0m 3.592 ms - -[0m
[0mGET /lib/socket.io-client/socket.io.js [32m200[0m 7.656 ms - -[0m
[0mGET /modules/core/controllers/home.client.controller.js [36m304[0m 1.444 ms - -[0m
[0mGET /modules/clients/controllers/clients.client.controller.js [32m200[0m 2.297 ms - -[0m
[0mGET /modules/talents/talents.client.module.js [36m304[0m 11.425 ms - -[0m
[0mGET /modules/tools/tools.client.module.js [36m304[0m 2.722 ms - -[0m
[0mGET /modules/core/config/core.client.routes.js [32m200[0m 13.217 ms - 489[0m
[0mGET /modules/core/controllers/header.client.controller.js [32m200[0m 2.458 ms - 812[0m
[0mGET /modules/core/services/menus.client.service.js [36m304[0m 2.250 ms - -[0m
[0mGET /modules/users/users.client.module.js [36m304[0m 4.364 ms - -[0m
[0mGET /modules/clients/config/clients.client.config.js [36m304[0m 4.082 ms - -[0m
[0mGET /modules/typecasts/typecasts.client.module.js [36m304[0m 4.409 ms - -[0m
[0mGET /modules/core/services/socket.js [36m304[0m 1.634 ms - -[0m
[0mGET /modules/clients/config/clients.client.routes.js [36m304[0m 2.529 ms - -[0m
[0mGET /modules/logs/config/logs.client.config.js [36m304[0m 4.124 ms - -[0m
[0mGET /modules/core/filters/core.multiTerm.client.filter.js [32m200[0m 8.855 ms - 406[0m
[0mGET /modules/core/filters/core.multiTermFull.client.filter.js [32m200[0m 8.226 ms - 411[0m
[0mGET /modules/core/filters/core.startFrom.client.filter.js [32m200[0m 3.146 ms - 236[0m
[0mGET /modules/logs/config/logs.client.routes.js [36m304[0m 2.938 ms - -[0m
[0mGET /modules/logs/controllers/logs.client.controller.js [36m304[0m 1.713 ms - -[0m
[0mGET /modules/logs/services/logs.client.service.js [36m304[0m 1.433 ms - -[0m
[0mGET /modules/projects/config/projects.client.config.js [36m304[0m 1.378 ms - -[0m
[0mGET /modules/projects/config/projects.client.routes.js [36m304[0m 1.439 ms - -[0m
[0mGET /modules/projects/controllers/projects.client.controller.js [36m304[0m 2.023 ms - -[0m
[0mGET /modules/projects/services/projects.client.service.js [36m304[0m 1.416 ms - -[0m
[0mGET /modules/reports/config/reports.client.config.js [36m304[0m 1.936 ms - -[0m
[0mGET /modules/reports/config/reports.client.routes.js [36m304[0m 1.943 ms - -[0m
[0mGET /modules/reports/controllers/reports.client.controller.js [36m304[0m 1.433 ms - -[0m
[0mGET /modules/talents/config/talents.client.config.js [36m304[0m 2.399 ms - -[0m
[0mGET /modules/reports/services/reports.client.service.js [36m304[0m 3.131 ms - -[0m
[0mGET /modules/talents/controllers/talents-modal.client.controller.js [36m304[0m 3.387 ms - -[0m
[0mGET /modules/talents/config/talents.client.routes.js [36m304[0m 4.904 ms - -[0m
[0mGET /modules/talents/filters/talents.phone.client.filter.js [36m304[0m 5.959 ms - -[0m
[0mGET /modules/talents/controllers/talents.client.controller.js [36m304[0m 5.945 ms - -[0m
[0mGET /modules/talents/services/talents.client.service.js [36m304[0m 3.781 ms - -[0m
[0mGET /modules/tools/config/tools.client.config.js [36m304[0m 3.815 ms - -[0m
[0mGET /modules/tools/config/tools.client.routes.js [36m304[0m 3.621 ms - -[0m
[0mGET /modules/tools/controllers/tools.client.controller.js [36m304[0m 5.711 ms - -[0m
[0mGET /modules/typecasts/config/typecasts.client.routes.js [36m304[0m 5.746 ms - -[0m
[0mGET /modules/tools/services/tools.client.service.js [36m304[0m 5.700 ms - -[0m
[0mGET /modules/typecasts/config/typecasts.client.config.js [36m304[0m 7.222 ms - -[0m
[0mGET /modules/typecasts/controllers/typecasts.client.controller.js [36m304[0m 8.132 ms - -[0m
[0mGET /modules/typecasts/services/typecasts.client.service.js [36m304[0m 3.633 ms - -[0m
[0mGET /modules/users/config/users.client.config.js [36m304[0m 2.574 ms - -[0m
[0mGET /modules/users/config/users.client.routes.js [36m304[0m 2.417 ms - -[0m
[0mGET /modules/users/controllers/authentication.client.controller.js [36m304[0m 2.539 ms - -[0m
[0mGET /modules/users/controllers/password.client.controller.js [36m304[0m 2.063 ms - -[0m
[0mGET /modules/users/controllers/settings.client.controller.js [36m304[0m 1.884 ms - -[0m
[0mGET /modules/users/controllers/users-list.client.controller.js [36m304[0m 1.888 ms - -[0m
[0mGET /modules/users/services/authentication.client.service.js [36m304[0m 3.107 ms - -[0m
[0mGET /modules/users/controllers/users.client.controller.js [36m304[0m 3.158 ms - -[0m
[0mGET /modules/users/controllers/users-modal.client.controller.js [36m304[0m 3.143 ms - -[0m
[0mGET /modules/users/services/users.client.service.js [36m304[0m 2.570 ms - -[0m
[0mGET /modules/users/services/usersedit.client.service.js [36m304[0m 2.462 ms - -[0m
[0mGET /modules/users/services/usersfind.client.service.js [36m304[0m 1.468 ms - -[0m
[0mGET /modules/core/img/brand/favicon.ico [0m-[0m - ms - -[0m
[0mGET /modules/users/views/authentication/signin.client.view.html [36m304[0m 2.266 ms - -[0m
[0mGET /modules/core/views/header.client.view.html [32m200[0m 3.391 ms - -[0m
[0mGET /modules/users/img/buttons/linkedin.png [36m304[0m 4.134 ms - -[0m
[0mGET /modules/users/img/buttons/twitter.png [32m200[0m 5.992 ms - 2181[0m
[0mGET /modules/users/img/buttons/facebook.png [32m200[0m 5.646 ms - 1024[0m
[0mGET /modules/users/img/buttons/google.png [32m200[0m 5.492 ms - 3713[0m
[0mGET /img/login-bg.jpg [36m304[0m 2.010 ms - -[0m
[0mGET /img/small-sc-logo-white.png [32m200[0m 2.118 ms - 2489[0m
[0mGET / [32m200[0m 60.022 ms - -[0m
[0mGET /modules/core/css/core.css [32m200[0m 15.000 ms - -[0m
[0mGET /lib/angular-bootstrap-datetimepicker/src/css/datetimepicker.css [32m200[0m 13.288 ms - -[0m
[0mGET /lib/bootstrap/dist/css/bootstrap.min.css [32m200[0m 30.185 ms - -[0m
[0mGET /lib/bootstrapaccessibilityplugin/plugins/css/bootstrap-accessibility.css [32m200[0m 41.576 ms - -[0m
[0mGET /modules/users/css/users.css [32m200[0m 8.591 ms - 214[0m
[0mGET /lib/es5-shim/es5-shim.min.js [32m200[0m 8.191 ms - -[0m
[0mGET /lib/bootstrap/dist/css/bootstrap-theme.min.css [32m200[0m 44.821 ms - -[0m
[0mGET /lib/es5-shim/es5-sham.min.js [32m200[0m 12.772 ms - -[0m
[0mGET /lib/circular-json/build/circular-json.js [32m200[0m 9.962 ms - -[0m
[0mGET /lib/modernizer/modernizr.js [32m200[0m 9.492 ms - -[0m
[0mGET /lib/angular-base64/angular-base64.min.js [32m200[0m 11.284 ms - -[0m
[0mGET /lib/moment/moment.js [32m200[0m 23.675 ms - -[0m
[0mGET /lib/angular/angular.min.js [32m200[0m 10.790 ms - -[0m
[0mGET /lib/angular-route/angular-route.min.js [32m200[0m 42.837 ms - -[0m
[0mGET /lib/angular-sanitize/angular-sanitize.min.js [32m200[0m 8.173 ms - -[0m
[0mGET /lib/angular-moment/angular-moment.min.js [32m200[0m 107.048 ms - -[0m
[0mGET /lib/ng-file-upload/angular-file-upload-shim.min.js [32m200[0m 111.706 ms - -[0m
[0mGET /lib/jquery/dist/jquery.min.js [32m200[0m 19.931 ms - -[0m
[0mGET /lib/moment-timezone/builds/moment-timezone-with-data.min.js [32m200[0m 37.133 ms - -[0m
[0mGET /lib/ng-file-upload/angular-file-upload.js [32m200[0m 69.453 ms - -[0m
[0mGET /lib/jquery-migrate/jquery-migrate.min.js [32m200[0m 9.058 ms - -[0m
[0mGET /lib/jquery-color/jquery.color.js [32m200[0m 7.513 ms - -[0m
[0mGET /lib/angular-resource/angular-resource.min.js [32m200[0m 3.679 ms - -[0m
[0mGET /lib/angular-cookies/angular-cookies.min.js [32m200[0m 13.260 ms - -[0m
[0mGET /lib/angular-animate/angular-animate.min.js [32m200[0m 18.063 ms - -[0m
[0mGET /lib/angular-touch/angular-touch.min.js [32m200[0m 14.982 ms - -[0m
[0mGET /lib/angular-ui-router/release/angular-ui-router.min.js [32m200[0m 13.713 ms - -[0m
[0mGET /lib/bootstrap/dist/js/bootstrap.min.js [32m200[0m 32.560 ms - -[0m
[0mGET /lib/angular-ui-utils/ui-utils.min.js [32m200[0m 12.115 ms - -[0m
[0mGET /lib/ngAudio/app/angular.audio.js [32m200[0m 19.079 ms - -[0m
[0mGET /lib/angular-bootstrap/ui-bootstrap-tpls.min.js [32m200[0m 12.032 ms - -[0m
[0mGET /lib/tinymce/tinymce.js [32m200[0m 29.898 ms - -[0m
[0mGET /lib/angular-encode-uri/dist/angular-encode-uri.min.js [32m200[0m 16.781 ms - 107[0m
[0mGET /lib/angular-bootstrap-datetimepicker/src/js/datetimepicker.js [32m200[0m 2.990 ms - -[0m
[0mGET /lib/textAngular/dist/textAngularSetup.js [32m200[0m 5.297 ms - -[0m
[0mGET /lib/textAngular/dist/textAngular-sanitize.min.js [32m200[0m 7.330 ms - -[0m
[0mGET /lib/textAngular/dist/textAngular-rangy.min.js [32m200[0m 8.197 ms - -[0m
[0mGET /lib/angular-ui-tinymce/src/tinymce.js [32m200[0m 4.057 ms - -[0m
[0mGET /lib/angular-socket-io/socket.min.js [32m200[0m 6.115 ms - -[0m
[0mGET /lib/textAngular/dist/textAngular.min.js [32m200[0m 5.921 ms - -[0m
[0mGET /application.js [32m200[0m 7.409 ms - 731[0m
[0mGET /lib/socket.io-client/socket.io.js [32m200[0m 8.400 ms - -[0m
[0mGET /config.js [32m200[0m 26.266 ms - -[0m
[0mGET /modules/clients/clients.client.module.js [32m200[0m 5.118 ms - 131[0m
[0mGET /modules/core/core.client.module.js [32m200[0m 3.671 ms - 127[0m
[0mGET /modules/core/timezone.client.module.js [32m200[0m 2.290 ms - 177[0m
[0mGET /modules/logs/logs.client.module.js [32m200[0m 6.956 ms - 127[0m
[0mGET /modules/reports/reports.client.module.js [32m200[0m 7.149 ms - 130[0m
[0mGET /modules/projects/projects.client.module.js [32m200[0m 7.515 ms - 131[0m
[0mGET /modules/talents/talents.client.module.js [32m200[0m 4.176 ms - 130[0m
[0mGET /modules/tools/tools.client.module.js [32m200[0m 6.640 ms - 128[0m
[0mGET /modules/typecasts/typecasts.client.module.js [32m200[0m 16.972 ms - 132[0m
[0mGET /modules/users/users.client.module.js [32m200[0m 16.785 ms - 129[0m
[0mGET /modules/clients/config/clients.client.config.js [32m200[0m 17.258 ms - 620[0m
[0mGET /modules/clients/config/clients.client.routes.js [32m200[0m 17.330 ms - 834[0m
[0mGET /modules/clients/controllers/clients.client.controller.js [32m200[0m 8.463 ms - -[0m
[0mGET /modules/core/config/core.client.routes.js [32m200[0m 8.372 ms - 489[0m
[0mGET /modules/core/controllers/header.client.controller.js [32m200[0m 10.488 ms - 812[0m
[0mGET /modules/clients/controllers/book.modal.controller.js [32m200[0m 28.698 ms - -[0m
[0mGET /modules/core/filters/core.multiTerm.client.filter.js [32m200[0m 9.863 ms - 406[0m
[0mGET /modules/core/controllers/home.client.controller.js [32m200[0m 11.268 ms - 525[0m
[0mGET /modules/core/filters/core.multiTermFull.client.filter.js [32m200[0m 14.419 ms - 411[0m
[0mGET /modules/core/filters/core.startFrom.client.filter.js [32m200[0m 14.463 ms - 236[0m
[0mGET /modules/core/services/socket.js [32m200[0m 12.638 ms - 338[0m
[0mGET /modules/logs/config/logs.client.config.js [32m200[0m 14.659 ms - 338[0m
[0mGET /modules/logs/config/logs.client.routes.js [32m200[0m 11.561 ms - 619[0m
[0mGET /modules/core/services/menus.client.service.js [32m200[0m 21.086 ms - -[0m
[0mGET /modules/logs/services/logs.client.service.js [32m200[0m 8.076 ms - 251[0m
[0mGET /modules/projects/config/projects.client.config.js [32m200[0m 7.939 ms - 733[0m
[0mGET /modules/projects/services/projects.client.service.js [32m200[0m 7.824 ms - 279[0m
[0mGET /modules/projects/config/projects.client.routes.js [32m200[0m 16.956 ms - -[0m
[0mGET /modules/projects/controllers/projects.client.controller.js [32m200[0m 7.358 ms - -[0m
[0mGET /modules/reports/config/reports.client.config.js [32m200[0m 12.802 ms - 987[0m
[0mGET /modules/logs/controllers/logs.client.controller.js [32m200[0m 38.581 ms - -[0m
[0mGET /modules/reports/services/reports.client.service.js [32m200[0m 4.197 ms - 272[0m
[0mGET /modules/talents/config/talents.client.config.js [32m200[0m 4.537 ms - 804[0m
[0mGET /modules/reports/config/reports.client.routes.js [32m200[0m 17.254 ms - -[0m
[0mGET /modules/talents/config/talents.client.routes.js [32m200[0m 3.166 ms - 679[0m
[0mGET /modules/reports/controllers/reports.client.controller.js [32m200[0m 23.353 ms - -[0m
[0mGET /modules/talents/controllers/talents.client.controller.js [32m200[0m 17.156 ms - -[0m
[0mGET /modules/talents/services/talents.client.service.js [32m200[0m 9.714 ms - 272[0m
[0mGET /modules/tools/config/tools.client.config.js [32m200[0m 3.822 ms - 995[0m
[0mGET /modules/talents/controllers/talents-modal.client.controller.js [32m200[0m 23.251 ms - -[0m
[0mGET /modules/tools/config/tools.client.routes.js [32m200[0m 3.157 ms - -[0m
[0mGET /modules/typecasts/config/typecasts.client.config.js [32m200[0m 6.968 ms - 535[0m
[0mGET /modules/tools/services/tools.client.service.js [32m200[0m 8.637 ms - 259[0m
[0mGET /modules/tools/controllers/tools.client.controller.js [32m200[0m 7.057 ms - -[0m
[0mGET /modules/talents/filters/talents.phone.client.filter.js [32m200[0m 37.816 ms - -[0m
[0mGET /modules/typecasts/config/typecasts.client.routes.js [32m200[0m 7.592 ms - 719[0m
[0mGET /modules/typecasts/services/typecasts.client.service.js [32m200[0m 3.730 ms - 286[0m
[0mGET /modules/users/config/users.client.config.js [32m200[0m 3.189 ms - -[0m
[0mGET /modules/users/config/users.client.routes.js [32m200[0m 6.690 ms - -[0m
[0mGET /modules/users/controllers/authentication.client.controller.js [32m200[0m 7.664 ms - -[0m
[0mGET /modules/typecasts/controllers/typecasts.client.controller.js [32m200[0m 25.797 ms - -[0m
[0mGET /modules/users/controllers/password.client.controller.js [32m200[0m 6.512 ms - -[0m
[0mGET /modules/users/controllers/users-list.client.controller.js [32m200[0m 6.330 ms - -[0m
[0mGET /modules/users/controllers/settings.client.controller.js [32m200[0m 8.147 ms - -[0m
[0mGET /modules/users/controllers/users-modal.client.controller.js [32m200[0m 4.056 ms - -[0m
[0mGET /modules/users/controllers/users.client.controller.js [32m200[0m 5.619 ms - -[0m
[0mGET /modules/users/services/authentication.client.service.js [32m200[0m 8.862 ms - 221[0m
[0mGET /modules/users/services/users.client.service.js [32m200[0m 10.041 ms - 270[0m
[0mGET /modules/users/services/usersfind.client.service.js [32m200[0m 8.427 ms - 284[0m
[0mGET /modules/users/services/usersedit.client.service.js [32m200[0m 8.502 ms - 286[0m
[0mGET /modules/core/img/brand/favicon.ico [32m200[0m 25.234 ms - 15621[0m
[0mGET /modules/core/views/header.client.view.html [32m200[0m 6.195 ms - -[0m
[0mGET /modules/core/views/home.client.view.html [32m200[0m 3.876 ms - -[0m
[0mGET /img/new-project-button.png [32m200[0m 8.909 ms - 1177[0m
[0mGET /img/Auditions-Logo.png [32m200[0m 7.890 ms - 13765[0m
[0mGET /img/studiocenter-button.png [32m200[0m 7.606 ms - 1103[0m
[0mGET /img/main-src-bg.jpg [32m200[0m 6.187 ms - 236949[0m
[0mGET /img/small-sc-logo-white.png [32m200[0m 2.684 ms - 2489[0m
[0mGET /hudson [33m404[0m 104.077 ms - -[0m
[0mGET / [32m200[0m 47.264 ms - 12801[0m
events.js:141
      throw er; // Unhandled 'error' event
      ^

Error: failed to connect to [localhost:27017]
    at null.<anonymous> (/var/www/html/node_modules/mongoose/node_modules/mongodb/lib/mongodb/connection/server.js:556:25)
    at emitThree (events.js:97:13)
    at emit (events.js:175:7)
    at null.<anonymous> (/var/www/html/node_modules/mongoose/node_modules/mongodb/lib/mongodb/connection/connection_pool.js:156:15)
    at emitTwo (events.js:87:13)
    at emit (events.js:172:7)
    at Socket.<anonymous> (/var/www/html/node_modules/mongoose/node_modules/mongodb/lib/mongodb/connection/connection.js:534:10)
    at emitOne (events.js:77:13)
    at Socket.emit (events.js:169:7)
    at emitErrorNT (net.js:1272:8)
    at nextTickCallbackWith2Args (node.js:511:9)
    at process._tickCallback (node.js:425:17)

[7m Application loaded using the "development" environment configuration
[0m
{ [Error: Cannot find module '../build/Release/bson'] code: 'MODULE_NOT_FOUND' }
js-bson: Failed to load c++ bson extension, using pure JS version
{ [Error: Cannot find module '../build/Release/bson'] code: 'MODULE_NOT_FOUND' }
js-bson: Failed to load c++ bson extension, using pure JS version
MEAN.JS application started on port 3000
[0mGET / [32m200[0m 44.668 ms - -[0m
[0mGET /lib/bootstrap/dist/css/bootstrap.min.css [36m304[0m 5.311 ms - -[0m
[0mGET /modules/core/css/core.css [36m304[0m 12.773 ms - -[0m
[0mGET /modules/users/css/users.css [36m304[0m 9.432 ms - -[0m
[0mGET /lib/bootstrapaccessibilityplugin/plugins/css/bootstrap-accessibility.css [36m304[0m 13.156 ms - -[0m
[0mGET /lib/es5-shim/es5-shim.min.js [36m304[0m 13.296 ms - -[0m
[0mGET /lib/angular-bootstrap-datetimepicker/src/css/datetimepicker.css [36m304[0m 12.988 ms - -[0m
[0mGET /lib/bootstrap/dist/css/bootstrap-theme.min.css [36m304[0m 13.015 ms - -[0m
[0mGET /lib/circular-json/build/circular-json.js [36m304[0m 7.077 ms - -[0m
[0mGET /lib/moment/moment.js [36m304[0m 9.724 ms - -[0m
[0mGET /lib/es5-shim/es5-sham.min.js [36m304[0m 13.979 ms - -[0m
[0mGET /lib/modernizer/modernizr.js [36m304[0m 6.336 ms - -[0m
[0mGET /lib/tinymce/tinymce.js [36m304[0m 8.129 ms - -[0m
[0mGET /lib/moment-timezone/builds/moment-timezone-with-data.min.js [36m304[0m 8.236 ms - -[0m
[0mGET /lib/angular/angular.min.js [36m304[0m 5.796 ms - -[0m
[0mGET /lib/angular-route/angular-route.min.js [36m304[0m 7.267 ms - -[0m
[0mGET /lib/angular-base64/angular-base64.min.js [36m304[0m 7.114 ms - -[0m
[0mGET /lib/angular-moment/angular-moment.min.js [36m304[0m 5.156 ms - -[0m
[0mGET /lib/angular-sanitize/angular-sanitize.min.js [36m304[0m 4.954 ms - -[0m
[0mGET /lib/ng-file-upload/angular-file-upload-shim.min.js [36m304[0m 4.965 ms - -[0m
[0mGET /lib/jquery-migrate/jquery-migrate.min.js [36m304[0m 6.437 ms - -[0m
[0mGET /lib/jquery/dist/jquery.min.js [36m304[0m 4.931 ms - -[0m
[0mGET /lib/ng-file-upload/angular-file-upload.js [36m304[0m 16.583 ms - -[0m
[0mGET /lib/angular-resource/angular-resource.min.js [36m304[0m 5.643 ms - -[0m
[0mGET /lib/jquery-color/jquery.color.js [36m304[0m 6.983 ms - -[0m
[0mGET /lib/angular-touch/angular-touch.min.js [36m304[0m 4.573 ms - -[0m
[0mGET /lib/angular-animate/angular-animate.min.js [36m304[0m 4.644 ms - -[0m
[0mGET /lib/angular-cookies/angular-cookies.min.js [36m304[0m 4.762 ms - -[0m
[0mGET /lib/angular-ui-router/release/angular-ui-router.min.js [36m304[0m 3.740 ms - -[0m
[0mGET /lib/bootstrap/dist/js/bootstrap.min.js [36m304[0m 4.512 ms - -[0m
[0mGET /lib/angular-ui-utils/ui-utils.min.js [36m304[0m 4.414 ms - -[0m
[0mGET /lib/angular-bootstrap/ui-bootstrap-tpls.min.js [36m304[0m 6.077 ms - -[0m
[0mGET /lib/ngAudio/app/angular.audio.js [36m304[0m 6.831 ms - -[0m
[0mGET /lib/angular-encode-uri/dist/angular-encode-uri.min.js [36m304[0m 5.770 ms - -[0m
[0mGET /lib/angular-bootstrap-datetimepicker/src/js/datetimepicker.js [36m304[0m 5.634 ms - -[0m
[0mGET /lib/textAngular/dist/textAngularSetup.js [36m304[0m 4.198 ms - -[0m
[0mGET /lib/textAngular/dist/textAngular-rangy.min.js [36m304[0m 3.903 ms - -[0m
[0mGET /lib/textAngular/dist/textAngular-sanitize.min.js [36m304[0m 3.442 ms - -[0m
[0mGET /lib/angular-ui-tinymce/src/tinymce.js [36m304[0m 2.463 ms - -[0m
[0mGET /lib/textAngular/dist/textAngular.min.js [36m304[0m 12.024 ms - -[0m
[0mGET /config.js [36m304[0m 12.501 ms - -[0m
[0mGET /application.js [36m304[0m 12.434 ms - -[0m
[0mGET /lib/angular-socket-io/socket.min.js [36m304[0m 12.603 ms - -[0m
[0mGET /lib/socket.io-client/socket.io.js [36m304[0m 5.174 ms - -[0m
[0mGET /modules/clients/clients.client.module.js [36m304[0m 6.158 ms - -[0m
[0mGET /modules/core/timezone.client.module.js [36m304[0m 4.224 ms - -[0m
[0mGET /modules/core/core.client.module.js [36m304[0m 4.462 ms - -[0m
[0mGET /modules/logs/logs.client.module.js [36m304[0m 4.105 ms - -[0m
[0mGET /modules/projects/projects.client.module.js [36m304[0m 4.067 ms - -[0m
[0mGET /modules/reports/reports.client.module.js [36m304[0m 1.316 ms - -[0m
[0mGET /modules/talents/talents.client.module.js [36m304[0m 1.343 ms - -[0m
[0mGET /modules/tools/tools.client.module.js [36m304[0m 1.608 ms - -[0m
[0mGET /modules/typecasts/typecasts.client.module.js [36m304[0m 11.756 ms - -[0m
[0mGET /modules/users/users.client.module.js [36m304[0m 3.853 ms - -[0m
[0mGET /modules/clients/config/clients.client.routes.js [36m304[0m 3.697 ms - -[0m
[0mGET /modules/clients/config/clients.client.config.js [36m304[0m 5.335 ms - -[0m
[0mGET /modules/clients/controllers/book.modal.controller.js [36m304[0m 4.976 ms - -[0m
[0mGET /modules/clients/controllers/clients.client.controller.js [36m304[0m 3.934 ms - -[0m
[0mGET /modules/core/controllers/header.client.controller.js [36m304[0m 2.506 ms - -[0m
[0mGET /modules/core/config/core.client.routes.js [36m304[0m 3.082 ms - -[0m
[0mGET /modules/core/filters/core.multiTerm.client.filter.js [36m304[0m 3.252 ms - -[0m
[0mGET /modules/core/controllers/home.client.controller.js [36m304[0m 3.251 ms - -[0m
[0mGET /modules/core/filters/core.multiTermFull.client.filter.js [36m304[0m 2.995 ms - -[0m
[0mGET /modules/core/filters/core.startFrom.client.filter.js [36m304[0m 2.906 ms - -[0m
[0mGET /modules/core/services/menus.client.service.js [36m304[0m 7.791 ms - -[0m
[0mGET /modules/core/services/socket.js [36m304[0m 12.031 ms - -[0m
[0mGET /modules/logs/config/logs.client.config.js [36m304[0m 9.157 ms - -[0m
[0mGET /modules/logs/config/logs.client.routes.js [36m304[0m 7.059 ms - -[0m
[0mGET /modules/logs/controllers/logs.client.controller.js [36m304[0m 6.885 ms - -[0m
[0mGET /modules/logs/services/logs.client.service.js [36m304[0m 2.904 ms - -[0m
[0mGET /modules/projects/config/projects.client.config.js [36m304[0m 1.398 ms - -[0m
[0mGET /modules/projects/controllers/projects.client.controller.js [36m304[0m 4.321 ms - -[0m
[0mGET /modules/projects/services/projects.client.service.js [36m304[0m 4.132 ms - -[0m
[0mGET /modules/projects/config/projects.client.routes.js [36m304[0m 5.148 ms - -[0m
[0mGET /modules/reports/config/reports.client.config.js [36m304[0m 3.984 ms - -[0m
[0mGET /modules/reports/config/reports.client.routes.js [36m304[0m 4.676 ms - -[0m
[0mGET /modules/reports/controllers/reports.client.controller.js [36m304[0m 2.594 ms - -[0m
[0mGET /modules/reports/services/reports.client.service.js [36m304[0m 2.775 ms - -[0m
[0mGET /modules/talents/config/talents.client.config.js [36m304[0m 2.803 ms - -[0m
[0mGET /modules/talents/controllers/talents-modal.client.controller.js [36m304[0m 2.964 ms - -[0m
[0mGET /modules/talents/config/talents.client.routes.js [36m304[0m 2.928 ms - -[0m
[0mGET /modules/talents/controllers/talents.client.controller.js [36m304[0m 2.879 ms - -[0m
[0mGET /modules/talents/filters/talents.phone.client.filter.js [36m304[0m 2.886 ms - -[0m
[0mGET /modules/talents/services/talents.client.service.js [36m304[0m 1.582 ms - -[0m
[0mGET /modules/tools/config/tools.client.config.js [36m304[0m 1.618 ms - -[0m
[0mGET /modules/tools/config/tools.client.routes.js [36m304[0m 2.525 ms - -[0m
[0mGET /modules/tools/controllers/tools.client.controller.js [36m304[0m 2.752 ms - -[0m
[0mGET /modules/typecasts/config/typecasts.client.config.js [36m304[0m 2.715 ms - -[0m
[0mGET /modules/tools/services/tools.client.service.js [36m304[0m 3.246 ms - -[0m
[0mGET /modules/typecasts/config/typecasts.client.routes.js [36m304[0m 2.492 ms - -[0m
[0mGET /modules/typecasts/controllers/typecasts.client.controller.js [36m304[0m 2.463 ms - -[0m
[0mGET /modules/typecasts/services/typecasts.client.service.js [36m304[0m 2.368 ms - -[0m
[0mGET /modules/users/config/users.client.config.js [36m304[0m 2.669 ms - -[0m
[0mGET /modules/users/config/users.client.routes.js [36m304[0m 1.763 ms - -[0m
[0mGET /modules/users/controllers/authentication.client.controller.js [36m304[0m 2.052 ms - -[0m
[0mGET /modules/users/controllers/password.client.controller.js [36m304[0m 3.929 ms - -[0m
[0mGET /modules/users/controllers/settings.client.controller.js [36m304[0m 3.518 ms - -[0m
[0mGET /modules/users/controllers/users-list.client.controller.js [36m304[0m 1.691 ms - -[0m
[0mGET /modules/users/controllers/users-modal.client.controller.js [36m304[0m 3.476 ms - -[0m
[0mGET /modules/users/controllers/users.client.controller.js [36m304[0m 3.291 ms - -[0m
[0mGET /modules/users/services/authentication.client.service.js [36m304[0m 2.945 ms - -[0m
[0mGET /modules/users/services/users.client.service.js [36m304[0m 2.722 ms - -[0m
[0mGET /modules/users/services/usersfind.client.service.js [36m304[0m 3.001 ms - -[0m
[0mGET /modules/users/services/usersedit.client.service.js [36m304[0m 2.596 ms - -[0m
[0mGET /lib/es5-shim/es5-shim.map [36m304[0m 1.685 ms - -[0m
[0mGET /lib/bootstrap/dist/css/bootstrap.min.css.map [36m304[0m 1.690 ms - -[0m
[0mGET /lib/bootstrap/dist/css/bootstrap-theme.min.css.map [36m304[0m 1.429 ms - -[0m
[0mGET /lib/angular-bootstrap-datetimepicker/src/css/datetimepicker.css.map [36m304[0m 1.420 ms - -[0m
[0mGET /lib/angular/angular.min.js.map [36m304[0m 1.532 ms - -[0m
[0mGET /lib/es5-shim/es5-sham.map [36m304[0m 1.781 ms - -[0m
[0mGET /lib/angular-route/angular-route.min.js.map [36m304[0m 2.363 ms - -[0m
[0mGET /lib/angular-moment/angular-moment.min.js.map [36m304[0m 3.320 ms - -[0m
[0mGET /lib/angular-sanitize/angular-sanitize.min.js.map [36m304[0m 3.310 ms - -[0m
[0mGET /lib/angular-cookies/angular-cookies.min.js.map [36m304[0m 2.950 ms - -[0m
[0mGET /lib/angular-resource/angular-resource.min.js.map [36m304[0m 3.515 ms - -[0m
[0mGET /lib/angular-animate/angular-animate.min.js.map [36m304[0m 2.687 ms - -[0m
[0mGET /lib/angular-touch/angular-touch.min.js.map [36m304[0m 2.274 ms - -[0m
[0mGET /lib/angular-socket-io/socket.min.js.map [36m304[0m 2.503 ms - -[0m
[0mGET /modules/core/views/header.client.view.html [36m304[0m 3.114 ms - -[0m
[0mGET /modules/projects/views/view-project.client.view.html [36m304[0m 3.115 ms - -[0m
[0mGET /img/small-sc-logo-white.png [36m304[0m 1.956 ms - -[0m
[0mPOST /projects/loadAuditions [33m401[0m 16.227 ms - 35[0m
[0mPOST /projects/loadProject [33m401[0m 2.375 ms - 35[0m
[0mGET /img/Aqua-Stop-icon.png [36m304[0m 6.257 ms - -[0m
[0mGET /img/warning.jpg [36m304[0m 5.877 ms - -[0m
[0mGET /img/Aqua-Pause-icon.png [36m304[0m 6.087 ms - -[0m
[0mGET /img/aqua-play-icon.png [36m304[0m 5.804 ms - -[0m
[0mGET /img/Adobe-Acrobat-icon.png [36m304[0m 4.205 ms - -[0m
[0mGET /img/green-check.png [36m304[0m 5.381 ms - -[0m
[0mGET /lib/bootstrap/dist/fonts/glyphicons-halflings-regular.woff2 [36m304[0m 1.915 ms - -[0m
[0mGET /img/envelope.png [36m304[0m 3.035 ms - -[0m
[0mGET /img/gold-trophy.png [36m304[0m 8.318 ms - -[0m
[0mGET /modules/users/views/authentication/signin.client.view.html [36m304[0m 1.964 ms - -[0m
[0mGET /img/login-bg.jpg [36m304[0m 2.904 ms - -[0m
[0mGET /modules/users/img/buttons/facebook.png [36m304[0m 3.465 ms - -[0m
[0mGET /modules/users/img/buttons/linkedin.png [36m304[0m 2.824 ms - -[0m
[0mGET /modules/users/img/buttons/twitter.png [36m304[0m 3.298 ms - -[0m
[0mGET /modules/users/img/buttons/google.png [36m304[0m 2.436 ms - -[0m
[0mGET /modules/core/img/brand/favicon.ico [36m304[0m 2.028 ms - -[0m
[0mPOST /auth/signin [33m400[0m 42.073 ms - 46[0m
[0mGET / [32m200[0m 7.377 ms - -[0m
[0mGET /lib/bootstrap/dist/css/bootstrap.min.css [36m304[0m 2.201 ms - -[0m
[0mGET /lib/bootstrap/dist/css/bootstrap-theme.min.css [36m304[0m 5.902 ms - -[0m
[0mGET /lib/bootstrapaccessibilityplugin/plugins/css/bootstrap-accessibility.css [36m304[0m 5.874 ms - -[0m
[0mGET /modules/core/css/core.css [36m304[0m 6.158 ms - -[0m
[0mGET /lib/angular-bootstrap-datetimepicker/src/css/datetimepicker.css [36m304[0m 6.100 ms - -[0m
[0mGET /modules/users/css/users.css [36m304[0m 3.513 ms - -[0m
[0mGET /lib/es5-shim/es5-shim.min.js [36m304[0m 4.140 ms - -[0m
[0mGET /lib/es5-shim/es5-sham.min.js [36m304[0m 2.520 ms - -[0m
[0mGET /lib/circular-json/build/circular-json.js [36m304[0m 2.613 ms - -[0m
[0mGET /lib/moment/moment.js [36m304[0m 12.523 ms - -[0m
[0mGET /lib/tinymce/tinymce.js [36m304[0m 6.316 ms - -[0m
[0mGET /lib/moment-timezone/builds/moment-timezone-with-data.min.js [36m304[0m 6.304 ms - -[0m
[0mGET /lib/modernizer/modernizr.js [36m304[0m 18.202 ms - -[0m
[0mGET /lib/angular/angular.min.js [36m304[0m 7.330 ms - -[0m
[0mGET /lib/angular-sanitize/angular-sanitize.min.js [36m304[0m 4.883 ms - -[0m
[0mGET /lib/angular-base64/angular-base64.min.js [36m304[0m 4.269 ms - -[0m
[0mGET /lib/angular-route/angular-route.min.js [36m304[0m 3.820 ms - -[0m
[0mGET /lib/angular-moment/angular-moment.min.js [36m304[0m 3.481 ms - -[0m
[0mGET /lib/ng-file-upload/angular-file-upload.js [36m304[0m 3.087 ms - -[0m
[0mGET /lib/ng-file-upload/angular-file-upload-shim.min.js [36m304[0m 3.540 ms - -[0m
[0mGET /lib/jquery/dist/jquery.min.js [36m304[0m 2.223 ms - -[0m
[0mGET /lib/jquery-color/jquery.color.js [36m304[0m 2.141 ms - -[0m
[0mGET /lib/angular-resource/angular-resource.min.js [36m304[0m 2.652 ms - -[0m
[0mGET /lib/jquery-migrate/jquery-migrate.min.js [36m304[0m 5.110 ms - -[0m
[0mGET /lib/angular-animate/angular-animate.min.js [36m304[0m 4.176 ms - -[0m
[0mGET /lib/angular-cookies/angular-cookies.min.js [36m304[0m 4.111 ms - -[0m
[0mGET /lib/angular-touch/angular-touch.min.js [36m304[0m 2.947 ms - -[0m
[0mGET /lib/angular-ui-router/release/angular-ui-router.min.js [36m304[0m 2.250 ms - -[0m
[0mGET /lib/angular-ui-utils/ui-utils.min.js [36m304[0m 2.692 ms - -[0m
[0mGET /lib/bootstrap/dist/js/bootstrap.min.js [36m304[0m 2.648 ms - -[0m
[0mGET /lib/angular-bootstrap/ui-bootstrap-tpls.min.js [36m304[0m 1.603 ms - -[0m
[0mGET /lib/ngAudio/app/angular.audio.js [36m304[0m 1.884 ms - -[0m
[0mGET /lib/angular-bootstrap-datetimepicker/src/js/datetimepicker.js [36m304[0m 3.161 ms - -[0m
[0mGET /lib/angular-encode-uri/dist/angular-encode-uri.min.js [36m304[0m 3.115 ms - -[0m
[0mGET /lib/textAngular/dist/textAngular-rangy.min.js [36m304[0m 5.421 ms - -[0m
[0mGET /lib/textAngular/dist/textAngularSetup.js [36m304[0m 5.297 ms - -[0m
[0mGET /lib/textAngular/dist/textAngular-sanitize.min.js [36m304[0m 3.689 ms - -[0m
[0mGET /lib/textAngular/dist/textAngular.min.js [36m304[0m 5.463 ms - -[0m
[0mGET /lib/socket.io-client/socket.io.js [36m304[0m 3.920 ms - -[0m
[0mGET /lib/angular-ui-tinymce/src/tinymce.js [36m304[0m 5.624 ms - -[0m
[0mGET /lib/angular-socket-io/socket.min.js [36m304[0m 2.532 ms - -[0m
[0mGET /application.js [36m304[0m 3.120 ms - -[0m
[0mGET /config.js [36m304[0m 3.116 ms - -[0m
[0mGET /modules/clients/clients.client.module.js [36m304[0m 3.100 ms - -[0m
[0mGET /modules/core/core.client.module.js [36m304[0m 3.341 ms - -[0m
[0mGET /modules/core/timezone.client.module.js [36m304[0m 3.329 ms - -[0m
[0mGET /modules/logs/logs.client.module.js [36m304[0m 1.729 ms - -[0m
[0mGET /modules/projects/projects.client.module.js [36m304[0m 1.600 ms - -[0m
[0mGET /modules/reports/reports.client.module.js [36m304[0m 2.711 ms - -[0m
[0mGET /modules/talents/talents.client.module.js [36m304[0m 2.851 ms - -[0m
[0mGET /modules/typecasts/typecasts.client.module.js [36m304[0m 3.665 ms - -[0m
[0mGET /modules/tools/tools.client.module.js [36m304[0m 3.512 ms - -[0m
[0mGET /modules/users/users.client.module.js [36m304[0m 2.994 ms - -[0m
[0mGET /modules/clients/config/clients.client.config.js [36m304[0m 6.531 ms - -[0m
[0mGET /modules/clients/config/clients.client.routes.js [36m304[0m 3.014 ms - -[0m
[0mGET /modules/clients/controllers/book.modal.controller.js [36m304[0m 4.340 ms - -[0m
[0mGET /modules/core/config/core.client.routes.js [36m304[0m 5.202 ms - -[0m
[0mGET /modules/clients/controllers/clients.client.controller.js [36m304[0m 5.218 ms - -[0m
[0mGET /modules/core/controllers/header.client.controller.js [36m304[0m 3.380 ms - -[0m
[0mGET /modules/core/controllers/home.client.controller.js [36m304[0m 1.566 ms - -[0m
[0mGET /modules/core/filters/core.multiTerm.client.filter.js [36m304[0m 1.614 ms - -[0m
[0mGET /modules/core/filters/core.multiTermFull.client.filter.js [36m304[0m 2.100 ms - -[0m
[0mGET /modules/core/filters/core.startFrom.client.filter.js [36m304[0m 1.858 ms - -[0m
[0mGET /modules/core/services/menus.client.service.js [36m304[0m 3.078 ms - -[0m
[0mGET /modules/core/services/socket.js [36m304[0m 2.986 ms - -[0m
[0mGET /modules/logs/config/logs.client.config.js [36m304[0m 2.769 ms - -[0m
[0mGET /modules/logs/config/logs.client.routes.js [36m304[0m 2.977 ms - -[0m
[0mGET /modules/logs/controllers/logs.client.controller.js [36m304[0m 2.446 ms - -[0m
[0mGET /modules/logs/services/logs.client.service.js [36m304[0m 1.650 ms - -[0m
[0mGET /modules/projects/config/projects.client.config.js [36m304[0m 1.966 ms - -[0m
[0mGET /modules/projects/config/projects.client.routes.js [36m304[0m 2.067 ms - -[0m
[0mGET /modules/projects/services/projects.client.service.js [36m304[0m 5.327 ms - -[0m
[0mGET /modules/projects/controllers/projects.client.controller.js [36m304[0m 5.401 ms - -[0m
[0mGET /modules/reports/config/reports.client.config.js [36m304[0m 5.441 ms - -[0m
[0mGET /modules/reports/config/reports.client.routes.js [36m304[0m 1.685 ms - -[0m
[0mGET /modules/reports/controllers/reports.client.controller.js [36m304[0m 1.743 ms - -[0m
[0mGET /modules/reports/services/reports.client.service.js [36m304[0m 1.581 ms - -[0m
[0mGET /modules/talents/config/talents.client.config.js [36m304[0m 1.665 ms - -[0m
[0mGET /modules/talents/controllers/talents-modal.client.controller.js [36m304[0m 3.522 ms - -[0m
[0mGET /modules/talents/config/talents.client.routes.js [36m304[0m 3.574 ms - -[0m
[0mGET /modules/talents/controllers/talents.client.controller.js [36m304[0m 3.814 ms - -[0m
[0mGET /modules/talents/filters/talents.phone.client.filter.js [36m304[0m 3.769 ms - -[0m
[0mGET /modules/talents/services/talents.client.service.js [36m304[0m 3.017 ms - -[0m
[0mGET /modules/tools/config/tools.client.config.js [36m304[0m 1.795 ms - -[0m
[0mGET /modules/tools/controllers/tools.client.controller.js [36m304[0m 11.894 ms - -[0m
[0mGET /modules/tools/config/tools.client.routes.js [36m304[0m 11.910 ms - -[0m
[0mGET /modules/tools/services/tools.client.service.js [36m304[0m 3.971 ms - -[0m
[0mGET /modules/typecasts/config/typecasts.client.config.js [36m304[0m 3.544 ms - -[0m
[0mGET /modules/typecasts/controllers/typecasts.client.controller.js [36m304[0m 4.290 ms - -[0m
[0mGET /modules/typecasts/config/typecasts.client.routes.js [36m304[0m 4.288 ms - -[0m
[0mGET /modules/users/config/users.client.config.js [36m304[0m 2.811 ms - -[0m
[0mGET /modules/typecasts/services/typecasts.client.service.js [36m304[0m 2.582 ms - -[0m
[0mGET /modules/users/controllers/password.client.controller.js [36m304[0m 3.952 ms - -[0m
[0mGET /modules/users/controllers/authentication.client.controller.js [36m304[0m 4.080 ms - -[0m
[0mGET /modules/users/controllers/settings.client.controller.js [36m304[0m 4.487 ms - -[0m
[0mGET /modules/users/config/users.client.routes.js [36m304[0m 4.380 ms - -[0m
[0mGET /modules/users/controllers/users-list.client.controller.js [36m304[0m 2.905 ms - -[0m
[0mGET /modules/users/controllers/users-modal.client.controller.js [36m304[0m 2.680 ms - -[0m
[0mGET /modules/users/controllers/users.client.controller.js [36m304[0m 1.552 ms - -[0m
[0mGET /modules/users/services/authentication.client.service.js [36m304[0m 1.451 ms - -[0m
[0mGET /modules/users/services/users.client.service.js [36m304[0m 2.142 ms - -[0m
[0mGET /modules/users/services/usersedit.client.service.js [36m304[0m 4.853 ms - -[0m
[0mGET /modules/users/services/usersfind.client.service.js [36m304[0m 1.681 ms - -[0m
[0mGET /lib/bootstrap/dist/css/bootstrap-theme.min.css.map [36m304[0m 7.855 ms - -[0m
[0mGET /lib/es5-shim/es5-shim.map [36m304[0m 8.525 ms - -[0m
[0mGET /lib/bootstrap/dist/css/bootstrap.min.css.map [36m304[0m 6.727 ms - -[0m
[0mGET /lib/angular-bootstrap-datetimepicker/src/css/datetimepicker.css.map [36m304[0m 5.863 ms - -[0m
[0mGET /lib/es5-shim/es5-sham.map [36m304[0m 7.386 ms - -[0m
[0mGET /lib/angular/angular.min.js.map [36m304[0m 1.559 ms - -[0m
[0mGET /lib/angular-sanitize/angular-sanitize.min.js.map [36m304[0m 3.318 ms - -[0m
[0mGET /lib/angular-route/angular-route.min.js.map [36m304[0m 3.020 ms - -[0m
[0mGET /lib/angular-animate/angular-animate.min.js.map [36m304[0m 5.079 ms - -[0m
[0mGET /lib/angular-moment/angular-moment.min.js.map [36m304[0m 7.714 ms - -[0m
[0mGET /lib/angular-cookies/angular-cookies.min.js.map [36m304[0m 6.668 ms - -[0m
[0mGET /lib/angular-resource/angular-resource.min.js.map [36m304[0m 5.401 ms - -[0m
[0mGET /lib/angular-touch/angular-touch.min.js.map [36m304[0m 2.411 ms - -[0m
[0mGET /lib/angular-socket-io/socket.min.js.map [36m304[0m 1.760 ms - -[0m
[0mGET /modules/users/views/authentication/signin.client.view.html [36m304[0m 3.226 ms - -[0m
[0mGET /modules/core/views/header.client.view.html [36m304[0m 3.087 ms - -[0m
[0mGET /img/small-sc-logo-white.png [36m304[0m 2.099 ms - -[0m
[0mGET /modules/users/img/buttons/twitter.png [36m304[0m 10.928 ms - -[0m
[0mGET /modules/users/img/buttons/facebook.png [36m304[0m 8.107 ms - -[0m
[0mGET /modules/users/img/buttons/linkedin.png [36m304[0m 5.238 ms - -[0m
[0mGET /modules/users/img/buttons/google.png [36m304[0m 4.780 ms - -[0m
[0mGET /img/login-bg.jpg [36m304[0m 2.706 ms - -[0m
[0mGET /modules/core/img/brand/favicon.ico [32m200[0m 5.234 ms - 15621[0m

[7m Application loaded using the "production" environment configuration
[0m
{ [Error: Cannot find module '../build/Release/bson'] code: 'MODULE_NOT_FOUND' }
js-bson: Failed to load c++ bson extension, using pure JS version
{ [Error: Cannot find module '../build/Release/bson'] code: 'MODULE_NOT_FOUND' }
js-bson: Failed to load c++ bson extension, using pure JS version
MEAN.JS application started on port 3000

[7m Application loaded using the "production" environment configuration
[0m
{ [Error: Cannot find module '../build/Release/bson'] code: 'MODULE_NOT_FOUND' }
js-bson: Failed to load c++ bson extension, using pure JS version
{ [Error: Cannot find module '../build/Release/bson'] code: 'MODULE_NOT_FOUND' }
js-bson: Failed to load c++ bson extension, using pure JS version
MEAN.JS application started on port 3000
worked here too nearly end
worked here too nearly end
worked here too nearly end
worked here too nearly end
worked here too nearly end
worked here too nearly end
worked here too nearly end
worked here too nearly end
worked here too nearly end
worked here too nearly end
worked here too nearly end
worked here too nearly end
worked here too nearly end
worked here too nearly end
worked here too nearly end
worked here too nearly end
worked here too nearly end
worked here too nearly end
worked here too nearly end
worked here too nearly end
worked here too nearly end
worked here too nearly end
worked here too nearly end
worked here too nearly end
worked here too nearly end
worked here too nearly end
worked here too nearly end
worked here too nearly end
worked here too nearly end
worked here too nearly end
/var/www/html/server.js:16
var sio = require('socket.io'),
^^^

SyntaxError: Unexpected token var
    at exports.runInThisContext (vm.js:53:16)
    at Module._compile (module.js:373:25)
    at Object.Module._extensions..js (module.js:416:10)
    at Module.load (module.js:343:32)
    at Function.Module._load (module.js:300:12)
    at Function.Module.runMain (module.js:441:10)
    at startup (node.js:140:18)
    at node.js:1043:3

[7m Application loaded using the "production" environment configuration
[0m
{ [Error: Cannot find module '../build/Release/bson'] code: 'MODULE_NOT_FOUND' }
js-bson: Failed to load c++ bson extension, using pure JS version
MEAN.JS application started on port 3000

[7m Application loaded using the "production" environment configuration
[0m
{ [Error: Cannot find module '../build/Release/bson'] code: 'MODULE_NOT_FOUND' }
js-bson: Failed to load c++ bson extension, using pure JS version

[7m Application loaded using the "production" environment configuration
[0m
{ [Error: Cannot find module '../build/Release/bson'] code: 'MODULE_NOT_FOUND' }
js-bson: Failed to load c++ bson extension, using pure JS version
{ [Error: Cannot find module '../build/Release/bson'] code: 'MODULE_NOT_FOUND' }
js-bson: Failed to load c++ bson extension, using pure JS version
MEAN.JS application started on port 3000
{ [Error: Cannot find module '../build/Release/bson'] code: 'MODULE_NOT_FOUND' }
js-bson: Failed to load c++ bson extension, using pure JS version
MEAN.JS application started on port 3000
worked here too nearly end
worked here too nearly end
worked here too nearly end
worked here too nearly end
worked here too nearly end
CastError: Cast to ObjectId failed for value "deletefile" at path "_id"
    at ObjectId.cast (/var/www/html/node_modules/mongoose/lib/schema/objectid.js:117:13)
    at ObjectId.castForQuery (/var/www/html/node_modules/mongoose/lib/schema/objectid.js:167:17)
    at Query.cast (/var/www/html/node_modules/mongoose/lib/query.js:2361:32)
    at Query.findOne (/var/www/html/node_modules/mongoose/lib/query.js:1125:10)
    at Query.exec (/var/www/html/node_modules/mongoose/node_modules/mquery/lib/mquery.js:2413:18)
    at Query.exec (/var/www/html/node_modules/mongoose/lib/query.js:1813:19)
    at exports.projectByID (/var/www/html/app/controllers/projects.server.controller.js:2508:107)
    at paramCallback (/var/www/html/node_modules/express/lib/router/index.js:385:7)
    at param (/var/www/html/node_modules/express/lib/router/index.js:365:5)
    at Function.proto.process_params (/var/www/html/node_modules/express/lib/router/index.js:391:3)
    at /var/www/html/node_modules/express/lib/router/index.js:228:12
    at Function.match_layer (/var/www/html/node_modules/express/lib/router/index.js:295:3)
    at next (/var/www/html/node_modules/express/lib/router/index.js:189:10)
    at /var/www/html/node_modules/express/lib/router/index.js:191:16
    at Function.match_layer (/var/www/html/node_modules/express/lib/router/index.js:295:3)
    at next (/var/www/html/node_modules/express/lib/router/index.js:189:10)
fs.js:60
      throw err;  // Forgot a callback but don't know where? Use NODE_DEBUG=fs
      ^

Error: ENOENT: no such file or directory, unlink '/var/www/html/public/res/auditions/5ef614a2833f0d811412d04f/Ferguson-EricW.mp3'
    at Error (native)
worker 4401 died
worked here too nearly end
worked here too nearly end
worked here too nearly end
worked here too nearly end
worked here too nearly end
worked here too nearly end
worked here too nearly end
worked here too nearly end
worked here too nearly end
worked here too nearly end
worked here too nearly end
worked here too nearly end
worked here too nearly end
worked here too nearly end
worked here too nearly end
worked here too nearly end
worked here too nearly end
worked here too nearly end
worked here too nearly end
worked here too nearly end
worked here too nearly end
worked here too nearly end
worked here too nearly end
worked here too nearly end
worked here too nearly end
worked here too nearly end
worked here too nearly end
worked here too nearly end
worked here too nearly end
worked here too nearly end
worked here too nearly end
worked here too nearly end
worked here too nearly end
worked here too nearly end
worked here too nearly end
worked here too nearly end
worked here too nearly end
worked here too nearly end
worked here too nearly end
worked here too nearly end
worked here too nearly end
worked here too nearly end
worked here too nearly end
worked here too nearly end
worked here too nearly end
worked here too nearly end
worked here too nearly end
worked here too nearly end
worked here too nearly end
worked here too nearly end
worked here too nearly end
worked here too nearly end
worked here too nearly end
worked here too nearly end
worked here too nearly end
worked here too nearly end
worked here too nearly end
worked here too nearly end
worked here too nearly end
worked here too nearly end
worked here too nearly end
worked here too nearly end
worked here too nearly end
worked here too nearly end
worked here too nearly end
SyntaxError: Invalid regular expression: /jose[/: Unterminated character class
    at new RegExp (native)
    at getTalentsFilters (/var/www/html/app/controllers/talents.server.controller.js:387:20)
    at exports.findLimitWithFilter (/var/www/html/app/controllers/talents.server.controller.js:467:18)
    at Layer.handle [as handle_request] (/var/www/html/node_modules/express/lib/router/layer.js:82:5)
    at next (/var/www/html/node_modules/express/lib/router/route.js:100:13)
    at exports.requiresLogin (/var/www/html/app/controllers/users/users.authorization.server.controller.js:42:2)
    at Layer.handle [as handle_request] (/var/www/html/node_modules/express/lib/router/layer.js:82:5)
    at next (/var/www/html/node_modules/express/lib/router/route.js:100:13)
    at Route.dispatch (/var/www/html/node_modules/express/lib/router/route.js:81:3)
    at Layer.handle [as handle_request] (/var/www/html/node_modules/express/lib/router/layer.js:82:5)
    at /var/www/html/node_modules/express/lib/router/index.js:234:24
    at Function.proto.process_params (/var/www/html/node_modules/express/lib/router/index.js:312:12)
    at /var/www/html/node_modules/express/lib/router/index.js:228:12
    at Function.match_layer (/var/www/html/node_modules/express/lib/router/index.js:295:3)
    at next (/var/www/html/node_modules/express/lib/router/index.js:189:10)
    at /var/www/html/node_modules/express/lib/router/index.js:214:18
worked here too nearly end
worked here too nearly end
worked here too nearly end
worked here too nearly end
worked here too nearly end
worked here too nearly end
worked here too nearly end
worked here too nearly end
worked here too nearly end
worked here too nearly end
worked here too nearly end
worked here too nearly end
worked here too nearly end
worked here too nearly end
worked here too nearly end
worked here too nearly end
worked here too nearly end
worked here too nearly end
worked here too nearly end
worked here too nearly end
worked here too nearly end
worked here too nearly end
worked here too nearly end
worked here too nearly end
worked here too nearly end
worked here too nearly end
worked here too nearly end
worked here too nearly end
worked here too nearly end
worked here too nearly end
worked here too nearly end
worked here too nearly end
worked here too nearly end
worked here too nearly end
worked here too nearly end
worked here too nearly end
worked here too nearly end
worked here too nearly end
worked here too nearly end
worked here too nearly end
worked here too nearly end
worked here too nearly end
worked here too nearly end
worked here too nearly end
worked here too nearly end
worked here too nearly end
worked here too nearly end
worked here too nearly end
worked here too nearly end
worked here too nearly end
worked here too nearly end
worked here too nearly end
worked here too nearly end
worked here too nearly end
worked here too nearly end
worked here too nearly end
worked here too nearly end
worked here too nearly end
worked here too nearly end
